{
  message: 'Database Connected Successfully',
  level: 'info',
  label: 'PH',
  timestamp: '2023-06-06T19:04:16.553Z'
}
{
  message: 'Server running on port 5000',
  level: 'info',
  label: 'PH',
  timestamp: '2023-06-06T19:04:16.560Z'
}
{
  message: 'Database Connected Successfully',
  level: 'info',
  label: 'PH',
  timestamp: '2023-06-06T19:12:54.364Z'
}
{
  message: 'Server running on port 5000',
  level: 'info',
  label: 'PH',
  timestamp: '2023-06-06T19:12:54.370Z'
}
{
  message: 'Database Connected Successfully',
  level: 'info',
  label: 'PH',
  timestamp: '2023-06-06T19:13:15.932Z'
}
{
  message: 'Server running on port 5000',
  level: 'info',
  label: 'PH',
  timestamp: '2023-06-06T19:13:15.939Z'
}
