{
  message: 'Database Connected Successfully',
  level: 'info',
  label: 'PH',
  timestamp: '2023-06-06T19:26:19.185Z'
}
{
  message: 'Server running on port 5000',
  level: 'info',
  label: 'PH',
  timestamp: '2023-06-06T19:26:19.190Z'
}
{
  message: 'Database Connected Successfully',
  level: 'info',
  label: 'PH'
}
{ message: 'Server running on port 5000', level: 'info', label: 'PH' }
{
  message: 'Database Connected Successfully',
  level: 'info',
  label: 'PH',
  timestamp: '2023-06-06T19:27:47.954Z'
}
{
  message: 'Server running on port 5000',
  level: 'info',
  label: 'PH',
  timestamp: '2023-06-06T19:27:47.960Z'
}
{
  message: 'Database Connected Successfully',
  level: 'info',
  label: 'PH',
  timestamp: '2023-06-06T19:28:40.222Z'
}
{
  message: 'Server running on port 5000',
  level: 'info',
  label: 'PH',
  timestamp: '2023-06-06T19:28:40.279Z'
}
{
  message: 'Database Connected Successfully',
  level: 'info',
  label: 'PH',
  timestamp: '2023-06-06T19:28:52.038Z'
}
{
  message: 'Server running on port 5000',
  level: 'info',
  label: 'PH',
  timestamp: '2023-06-06T19:28:52.044Z'
}
{
  message: 'Database Connected Successfully',
  level: 'info',
  label: 'PH',
  timestamp: '2023-06-06T19:30:09.994Z'
}
{
  message: 'Server running on port 5000',
  level: 'info',
  label: 'PH',
  timestamp: '2023-06-06T19:30:10.013Z'
}
{
  message: 'Database Connected Successfully',
  level: 'info',
  label: 'PH',
  timestamp: '2023-06-06T19:30:21.476Z'
}
{
  message: 'Server running on port 5000',
  level: 'info',
  label: 'PH',
  timestamp: '2023-06-06T19:30:21.497Z'
}
{
  message: 'Database Connected Successfully',
  level: 'info',
  label: 'PH',
  timestamp: '2023-06-06T19:30:34.555Z'
}
{
  message: 'Server running on port 5000',
  level: 'info',
  label: 'PH',
  timestamp: '2023-06-06T19:30:34.561Z'
}
