{"level":"info","message":"Database Connected Successfully","service":"user-service"}
{"level":"info","message":"Server running on port 5000","service":"user-service"}
{"level":"info","message":"Database Connected Successfully","service":"user-service"}
{"level":"info","message":"Server running on port 5000","service":"user-service"}
{"level":"info","message":"Database Connected Successfully","service":"user-service"}
{"level":"info","message":"Server running on port 5000","service":"user-service"}
{"level":"info","message":"Database Connected Successfully","service":"user-service"}
{"level":"info","message":"Server running on port 5000","service":"user-service"}
{"level":"info","message":"Database Connected Successfully","service":"user-service"}
{"level":"info","message":"Server running on port 5000","service":"user-service"}
{"level":"info","message":"Database Connected Successfully","service":"user-service"}
{"level":"info","message":"Server running on port 5000","service":"user-service"}
{"level":"info","message":"Database Connected Successfully","service":"user-service"}
{"level":"info","message":"Server running on port 5000","service":"user-service"}
{"level":"info","message":"Database Connected Successfully","service":"user-service"}
{"level":"info","message":"Server running on port 5000","service":"user-service"}
{
  message: 'Database Connected Successfully',
  level: 'info',
  service: 'user-service',
  label: 'right meow!',
  timestamp: '2023-06-06T18:41:44.984Z'
}
{
  message: 'Server running on port 5000',
  level: 'info',
  service: 'user-service',
  label: 'right meow!',
  timestamp: '2023-06-06T18:41:44.990Z'
}
undefined
undefined
{
  message: 'Database Connected Successfully',
  level: 'info',
  service: 'user-service',
  label: 'right meow!',
  timestamp: '2023-06-06T18:44:03.749Z'
}
{
  message: 'Server running on port 5000',
  level: 'info',
  service: 'user-service',
  label: 'right meow!',
  timestamp: '2023-06-06T18:44:03.755Z'
}
{
  message: 'Database Connected Successfully',
  level: 'info',
  service: 'user-service',
  label: 'right meow!',
  timestamp: '2023-06-06T18:45:02.055Z'
}
{
  message: 'Server running on port 5000',
  level: 'info',
  service: 'user-service',
  label: 'right meow!',
  timestamp: '2023-06-06T18:45:02.063Z'
}
2023-06-06T18:46:51.620Z [right meow!] info: Database Connected Successfully
2023-06-06T18:46:51.624Z [right meow!] info: Server running on port 5000
2023-06-06T18:49:09.479Z [PH] info: Database Connected Successfully
2023-06-06T18:49:09.483Z [PH] info: Server running on port 5000
2023-06-06T18:49:15.990Z [PH] info: Database Connected Successfully
2023-06-06T18:49:15.997Z [PH] info: Server running on port 5000
2023-06-06T18:49:50.996Z [PH] info: Database Connected Successfully
2023-06-06T18:49:51.002Z [PH] info: Server running on port 5000
2023-06-06T18:49:53.256Z [PH] info: Database Connected Successfully
2023-06-06T18:49:53.261Z [PH] info: Server running on port 5000
2023-06-06T18:49:56.453Z [PH] info: Database Connected Successfully
2023-06-06T18:49:56.464Z [PH] info: Server running on port 5000
2023-06-06T18:50:26.566Z [PH] info: Database Connected Successfully
2023-06-06T18:50:26.572Z [PH] info: Server running on port 5000
2023-06-06T18:51:12.814Z [PH] info: Database Connected Successfully
2023-06-06T18:51:12.819Z [PH] info: Server running on port 5000
2023-06-06T18:52:33.760Z [PH] info: Database Connected Successfully
2023-06-06T18:52:33.766Z [PH] info: Server running on port 5000
2023-06-06T18:52:36.870Z [PH] info: Database Connected Successfully
2023-06-06T18:52:36.882Z [PH] info: Server running on port 5000
Wed Jun 07 2023 0 53 55 [PH] info: Database Connected Successfully
Wed Jun 07 2023 0 53 55 [PH] info: Server running on port 5000
Wed Jun 07 2023 0:54:29 [PH] info: Database Connected Successfully
Wed Jun 07 2023 0:54:29 [PH] info: Server running on port 5000
{
  message: 'Database Connected Successfully',
  level: 'info',
  service: 'user-service',
  label: 'PH',
  timestamp: '2023-06-06T18:56:06.938Z'
}
{
  message: 'Server running on port 5000',
  level: 'info',
  service: 'user-service',
  label: 'PH',
  timestamp: '2023-06-06T18:56:06.946Z'
}
{
  message: 'Database Connected Successfully',
  level: 'info',
  label: 'PH',
  timestamp: '2023-06-06T18:56:40.570Z'
}
{
  message: 'Server running on port 5000',
  level: 'info',
  label: 'PH',
  timestamp: '2023-06-06T18:56:40.576Z'
}
{
  message: 'Database Connected Successfully',
  level: 'info',
  label: 'PH',
  timestamp: '2023-06-06T18:56:55.252Z'
}
{
  message: 'Server running on port 5000',
  level: 'info',
  label: 'PH',
  timestamp: '2023-06-06T18:56:55.258Z'
}
{
  message: 'Database Connected Successfully',
  level: 'info',
  label: 'PH',
  timestamp: '2023-06-06T18:57:01.015Z'
}
{
  message: 'Server running on port 5000',
  level: 'info',
  label: 'PH',
  timestamp: '2023-06-06T18:57:01.021Z'
}
